"Start of log file."
"C:/Users/vk/DOCUME~1/cozmo/Assets/Assets/Tracks/level03.max"
"Starting max loading and fbx conversion"
window = undefined
"Settings units"
"Before fbx export"
"After fbx export"
"Finished max loading and fbx conversion"
"C:/Users/vk/DOCUME~1/cozmo/Assets/Assets/obstacle.max"
"Starting max loading and fbx conversion"
window = undefined
"Settings units"
"Before fbx export"
"After fbx export"
"Finished max loading and fbx conversion"
"C:/Users/vk/DOCUME~1/cozmo/Assets/Assets/plane.max"
"Starting max loading and fbx conversion"
window = undefined
"Settings units"
"Before fbx export"
"After fbx export"
"Finished max loading and fbx conversion"
"C:/Users/vk/DOCUME~1/cozmo/Assets/Assets/Tracks/level02.max"
"Starting max loading and fbx conversion"
window = undefined
"Settings units"
"Before fbx export"
"After fbx export"
"Finished max loading and fbx conversion"
"C:/Users/vk/DOCUME~1/cozmo/Assets/Assets/SPACES~1.MAX"
"Starting max loading and fbx conversion"
window = undefined
"Settings units"
"Before fbx export"
"After fbx export"
"Finished max loading and fbx conversion"
